# Spec 030 Autonomous Run Log
# Started: 2026-05-26
# Goal: Full SpecKit flow from taskstoissues through retro + handover

## Status at start
- spec.md: ✅ committed (e204f28)
- clarify: ✅
- plan.md: ✅ committed
- tasks.md: ✅ 109 tasks, 9 phases
- analyze: ✅
- research.md: ✅ R1-R12 (7 new design decisions added this session)
- data-model.md: ✅
- contracts/commands.md: ✅

## Flow remaining
- [ ] taskstoissues
- [ ] checkpoint.commit (pre-implementation)
- [ ] agent-assign.assign
- [ ] agent-assign.validate
- [ ] agent-assign.execute
- [ ] verify-tasks (parallel)
- [ ] verify (parallel)
- [ ] code-review (parallel)
- [ ] security-review (parallel)
- [ ] cleanup
- [ ] sync.analyze (parallel)
- [ ] sync.conflicts (parallel)
- [ ] retro
- [ ] docs update
- [ ] checkpoint.commit (final)
- [ ] handover

---

## Decision Log

### D001 — Feature branch required for taskstoissues
**Time**: session start
**Context**: check-prerequisites.sh requires a feature branch; we're on main.
Spec 030 planning was committed to main (e204f28).
**Decision**: Create feature branch `030-ui-audit-revision` from main for implementation.
**Deviation**: None — this is the normal flow, planning just happened to land on main.

